<?xml version="1.0" encoding="UTF-8"?>
<testng-results total="3" passed="3" failed="0" skipped="0">
  <reporter-output>
  </reporter-output>
  <suite started-at="2022-03-16T12:45:19Z" name="Default suite" finished-at="2022-03-16T12:45:32Z" duration-ms="12337">
    <groups>
    </groups>
    <test started-at="2022-03-16T12:45:19Z" name="Default test" finished-at="2022-03-16T12:45:32Z" duration-ms="12337">
      <class name="ecommerce.ecommerce">
        <test-method signature="Login()[pri:1, instance:ecommerce.ecommerce@13d4992d]" started-at="2022-03-16T18:15:19Z" name="Login" finished-at="2022-03-16T18:15:27Z" duration-ms="7211" status="PASS">
          <reporter-output>
          </reporter-output>
        </test-method> <!-- Login -->
        <test-method signature="getallusers()[pri:2, instance:ecommerce.ecommerce@13d4992d]" started-at="2022-03-16T18:15:27Z" name="getallusers" finished-at="2022-03-16T18:15:30Z" depends-on-methods="ecommerce.ecommerce.Login" duration-ms="3147" status="PASS">
          <reporter-output>
          </reporter-output>
        </test-method> <!-- getallusers -->
        <test-method signature="delete()[pri:3, instance:ecommerce.ecommerce@13d4992d]" started-at="2022-03-16T18:15:30Z" name="delete" finished-at="2022-03-16T18:15:32Z" depends-on-methods="ecommerce.ecommerce.getallusers" duration-ms="1952" status="PASS">
          <reporter-output>
          </reporter-output>
        </test-method> <!-- delete -->
      </class> <!-- ecommerce.ecommerce -->
    </test> <!-- Default test -->
  </suite> <!-- Default suite -->
</testng-results>
