<?xml version="1.0" encoding="UTF-8"?>
<!-- Generated by org.testng.reporters.JUnitXMLReporter -->
<testsuite hostname="DESKTOP-RH5H7LR" failures="0" tests="3" name="Default test" time="12.337" errors="0" timestamp="16 Mar 2022 12:45:32 GMT">
  <testcase classname="ecommerce.ecommerce" name="Login" time="7.211"/>
  <testcase classname="ecommerce.ecommerce" name="getallusers" time="3.147"/>
  <testcase classname="ecommerce.ecommerce" name="delete" time="1.952"/>
</testsuite> <!-- Default test -->
